[INFO] Scanning for projects...
[INFO] 
[INFO] ---------------------< com.practice:food-ordering >---------------------
[INFO] Building food-ordering 0.0.1-SNAPSHOT
[INFO]   from pom.xml
[INFO] --------------------------------[ jar ]---------------------------------
[INFO] 
[INFO] --- resources:3.3.1:resources (default-resources) @ food-ordering ---
[INFO] Copying 1 resource from src\main\resources to target\classes
[INFO] Copying 0 resource from src\main\resources to target\classes
[INFO] 
[INFO] --- compiler:3.14.1:compile (default-compile) @ food-ordering ---
[INFO] Recompiling the module because of changed source code.
[INFO] Compiling 40 source files with javac [debug parameters release 17] to target\classes
[INFO] -------------------------------------------------------------
[ERROR] COMPILATION ERROR : 
[INFO] -------------------------------------------------------------
[ERROR] /C:/Users/dell/practice-project/backend/src/main/java/com/practice/foodordering/controller/OrderController.java:[30,94] cannot find symbol
  symbol:   class OrderStatus
  location: class com.practice.foodordering.controller.OrderController
[INFO] 1 error
[INFO] -------------------------------------------------------------
[INFO] ------------------------------------------------------------------------
[INFO] BUILD FAILURE
[INFO] ------------------------------------------------------------------------
[INFO] Total time:  12.385 s
[INFO] Finished at: 2026-02-24T18:23:54+05:30
[INFO] ------------------------------------------------------------------------
[ERROR] Failed to execute goal org.apache.maven.plugins:maven-compiler-plugin:3.14.1:compile (default-compile) on project food-ordering: Compilation failure
[ERROR] /C:/Users/dell/practice-project/backend/src/main/java/com/practice/foodordering/controller/OrderController.java:[30,94] cannot find symbol
[ERROR]   symbol:   class OrderStatus
[ERROR]   location: class com.practice.foodordering.controller.OrderController
[ERROR] 
[ERROR] -> [Help 1]
[ERROR] 
[ERROR] To see the full stack trace of the errors, re-run Maven with the -e switch.
[ERROR] Re-run Maven using the -X switch to enable full debug logging.
[ERROR] 
[ERROR] For more information about the errors and possible solutions, please read the following articles:
[ERROR] [Help 1] http://cwiki.apache.org/confluence/display/MAVEN/MojoFailureException
